<?xml version="1.0" encoding="UTF-8"?>
<!-- Generated by org.testng.reporters.JUnitReportReporter -->
<testsuite hostname="DESKTOP-CNEH237" failures="0" tests="1" name="SeleniumDocker.Selenium_with_docker.App" time="106.173" errors="0" timestamp="2022-02-28T22:50:40 IST" skipped="0">
  <testcase classname="SeleniumDocker.Selenium_with_docker.App" name="getDriver" time="106.173"/>
  <system-out/>
</testsuite> <!-- SeleniumDocker.Selenium_with_docker.App -->
